<?xml version="1.0" encoding="UTF-8" ?>
<testsuite tests="2" failures="1" name="evolutiongaminghometask.runner.RunCucumberTest" time="39.808" errors="0" skipped="1">
  <properties>
[...]
</properties>
  <testcase classname="Add severeal ads to list of favourites" name="I add an ad to list of Favourites from the details page on the add" time="17.128">
    <skipped/>
    <system-out>Feature: Add severeal ads to list of favourites
  Go to any category, list ads, select top three ads and add them to favorites

  Scenario: I add an ad to list of Favourites from the details page on the add &amp;#27;[90m# src/test/resources/evolutiongaminghometask/add_several_items_to_favorites_from_announcements_list.feature:4&amp;#27;[0m
    &amp;#27;[32mGiven &amp;#27;[0m&amp;#27;[32mI am on &quot;&amp;#27;[0m&amp;#27;[32m&amp;#27;[1manimals/dogs&amp;#27;[0m&amp;#27;[32m&quot; page&amp;#27;[0m                                          &amp;#27;[90m# CommonStepDefinitions.i_am_on_page(String)&amp;#27;[0m
    &amp;#27;[32mWhen &amp;#27;[0m&amp;#27;[32mI select &amp;#27;[0m&amp;#27;[32m&amp;#27;[1m3&amp;#27;[0m&amp;#27;[32m items&amp;#27;[0m                                                      &amp;#27;[90m# AnnouncementsListStepDefinitions.i_select_items(int)&amp;#27;[0m
    &amp;#27;[32mAnd &amp;#27;[0m&amp;#27;[32mI click on &quot;&amp;#27;[0m&amp;#27;[32m&amp;#27;[1mPievienot izv?l?tos Memo&amp;#27;[0m&amp;#27;[32m&quot; from Announcements list page&amp;#27;[0m     &amp;#27;[90m# AnnouncementsListStepDefinitions.i_click_on_from_Announcements_list_page(String)&amp;#27;[0m
    &amp;#27;[32mAnd &amp;#27;[0m&amp;#27;[32mI open &amp;#27;[0m&amp;#27;[32m&amp;#27;[1mMemo&amp;#27;[0m&amp;#27;[32m page from header&amp;#27;[0m                                           &amp;#27;[90m# HeaderPageStepDefinitions.i_open_page_from_header(String)&amp;#27;[0m
    &amp;#27;[33mThen &amp;#27;[0m&amp;#27;[33m&quot;Memo&quot; page opens&amp;#27;[0m                                                     &amp;#27;[90m# null&amp;#27;[0m
    &amp;#27;[36mAnd &amp;#27;[0m&amp;#27;[36msee selected ads there&amp;#27;[0m                                                 &amp;#27;[90m# MemoPageStepDefinitions.see_selected_ad_there()&amp;#27;[0m
</system-out>
    <system-err>Starting ChromeDriver 2.44.609538 (b655c5a60b0b544917107a59d4153d4bf78e1b90) on port 30836
Only local connections are allowed.
[1544534542.343][WARNING]: Timed out connecting to Chrome, retrying...
груд. 11, 2018 3:22:24 PM org.openqa.selenium.remote.ProtocolHandshake createSession
INFO: Detected dialect: OSS
[1544534546.448][WARNING]: Timed out connecting to Chrome, retrying...
</system-err>
  </testcase>
  <testcase classname="Add a single ad to list of favourites" name="I add an ad to list of Favourites from the details page on the add" time="22.68">
    <failure message="expected:&lt;1&gt; but was:&lt;4&gt;" type="java.lang.AssertionError">java.lang.AssertionError: expected:&lt;1&gt; but was:&lt;4&gt;
	at org.junit.Assert.fail(Assert.java:88)
	at org.junit.Assert.failNotEquals(Assert.java:834)
	at org.junit.Assert.assertEquals(Assert.java:645)
	at org.junit.Assert.assertEquals(Assert.java:631)
	at evolutiongaminghometask.step_definitions.MemoPageStepDefinitions.see_selected_ad_there(MemoPageStepDefinitions.java:24)
	at ✽.see selected ad there(src/test/resources/evolutiongaminghometask/add_to_favorites_from_ad_details_page.feature:15)
</failure>
    <system-out>
Feature: Add a single ad to list of favourites
  Go to any category, search for an ad, open it, scroll down to see “Add to favorites”. Once you click it, it gets added to the “Memo&quot; section (on the top in the header menu).

  Scenario: I add an ad to list of Favourites from the details page on the add &amp;#27;[90m# src/test/resources/evolutiongaminghometask/add_to_favorites_from_ad_details_page.feature:4&amp;#27;[0m
    &amp;#27;[32mGiven &amp;#27;[0m&amp;#27;[32mI am on &quot;&amp;#27;[0m&amp;#27;[32m&amp;#27;[1manimals/dogs&amp;#27;[0m&amp;#27;[32m&quot; page&amp;#27;[0m                                          &amp;#27;[90m# CommonStepDefinitions.i_am_on_page(String)&amp;#27;[0m
    &amp;#27;[32mWhen &amp;#27;[0m&amp;#27;[32mI set &amp;#27;[0m&amp;#27;[32m&amp;#27;[1mAge&amp;#27;[0m&amp;#27;[32m filter param to &amp;#27;[0m&amp;#27;[32m&amp;#27;[1m0&amp;#27;[0m&amp;#27;[32m - &amp;#27;[0m&amp;#27;[32m&amp;#27;[1m1&amp;#27;[0m                                       &amp;#27;[90m# SearchStepDefinitions.i_set_filter_param_to(String,String,String)&amp;#27;[0m
    &amp;#27;[32mAnd &amp;#27;[0m&amp;#27;[32mI set &amp;#27;[0m&amp;#27;[32m&amp;#27;[1mPrice&amp;#27;[0m&amp;#27;[32m filter param to &amp;#27;[0m&amp;#27;[32m&amp;#27;[1m0&amp;#27;[0m&amp;#27;[32m - &amp;#27;[0m&amp;#27;[32m&amp;#27;[1m100&amp;#27;[0m                                    &amp;#27;[90m# SearchStepDefinitions.i_set_filter_param_to(String,String,String)&amp;#27;[0m
    &amp;#27;[32mAnd &amp;#27;[0m&amp;#27;[32mI click Search&amp;#27;[0m                                                         &amp;#27;[90m# SearchStepDefinitions.i_click_Search()&amp;#27;[0m
    &amp;#27;[32mAnd &amp;#27;[0m&amp;#27;[32mI click on first ad in the list&amp;#27;[0m                                        &amp;#27;[90m# AnnouncementsListStepDefinitions.i_click_on_first_ad_in_the_list()&amp;#27;[0m
    &amp;#27;[32mAnd &amp;#27;[0m&amp;#27;[32mI click on &quot;&amp;#27;[0m&amp;#27;[32m&amp;#27;[1mAdd to favorites&amp;#27;[0m&amp;#27;[32m&quot; from details of the ad&amp;#27;[0m                   &amp;#27;[90m# AnnouncementDetailsStepDefinitions.i_click_on_from_details_of_the_ad(String)&amp;#27;[0m
    &amp;#27;[32mAnd &amp;#27;[0m&amp;#27;[32mI open &amp;#27;[0m&amp;#27;[32m&amp;#27;[1mMemo&amp;#27;[0m&amp;#27;[32m page from header&amp;#27;[0m                                           &amp;#27;[90m# HeaderPageStepDefinitions.i_open_page_from_header(String)&amp;#27;[0m
    &amp;#27;[31mThen &amp;#27;[0m&amp;#27;[31msee selected ad there&amp;#27;[0m                                                 &amp;#27;[90m# MemoPageStepDefinitions.see_selected_ad_there()&amp;#27;[0m
      &amp;#27;[31mjava.lang.AssertionError: expected:&lt;1&gt; but was:&lt;4&gt;
	at org.junit.Assert.fail(Assert.java:88)
	at org.junit.Assert.failNotEquals(Assert.java:834)
	at org.junit.Assert.assertEquals(Assert.java:645)
	at org.junit.Assert.assertEquals(Assert.java:631)
	at evolutiongaminghometask.step_definitions.MemoPageStepDefinitions.see_selected_ad_there(MemoPageStepDefinitions.java:24)
	at ?.see selected ad there(src/test/resources/evolutiongaminghometask/add_to_favorites_from_ad_details_page.feature:15)
&amp;#27;[0m
</system-out>
    <system-err>Starting ChromeDriver 2.44.609538 (b655c5a60b0b544917107a59d4153d4bf78e1b90) on port 35264
Only local connections are allowed.
[1544534558.403][WARNING]: Timed out connecting to Chrome, retrying...
груд. 11, 2018 3:22:40 PM org.openqa.selenium.remote.ProtocolHandshake createSession
INFO: Detected dialect: OSS
[1544534562.471][WARNING]: Timed out connecting to Chrome, retrying...
</system-err>
  </testcase>
</testsuite>